<?xml version="1.0" encoding="UTF-8"?>
<testng-results ignored="0" total="1" passed="1" failed="0" skipped="0">
  <reporter-output>
  </reporter-output>
  <suite started-at="2022-08-03T23:49:47 IST" name="Default suite" finished-at="2022-08-03T23:49:50 IST" duration-ms="2682">
    <groups>
    </groups>
    <test started-at="2022-08-03T23:49:47 IST" name="Default test" finished-at="2022-08-03T23:49:50 IST" duration-ms="2682">
      <class name="ipl.RCB">
        <test-method signature="RCBparcing()[pri:0, instance:ipl.RCB@96def03]" started-at="2022-08-03T23:49:47 IST" name="RCBparcing" finished-at="2022-08-03T23:49:50 IST" duration-ms="2591" status="PASS">
          <reporter-output>
          </reporter-output>
        </test-method> <!-- RCBparcing -->
      </class> <!-- ipl.RCB -->
    </test> <!-- Default test -->
  </suite> <!-- Default suite -->
</testng-results>
